May-09 12:33:46.606 [main] DEBUG nextflow.cli.Launcher - $> nextflow run main.nf -profile test,docker
May-09 12:33:47.037 [main] INFO  nextflow.cli.CmdRun - N E X T F L O W  ~  version 20.01.0
May-09 12:33:47.182 [main] INFO  nextflow.cli.CmdRun - Launching `main.nf` [peaceful_euclid] - revision: fad7bc865e
May-09 12:33:47.346 [main] DEBUG nextflow.config.ConfigBuilder - Found config local: /Users/edgargarriga/CBCRG/dynamicAligners/nextflow.config
May-09 12:33:47.349 [main] DEBUG nextflow.config.ConfigBuilder - Parsing config file: /Users/edgargarriga/CBCRG/dynamicAligners/nextflow.config
May-09 12:33:47.461 [main] DEBUG nextflow.config.ConfigBuilder - Applying config profile: `test,docker`
May-09 12:33:49.622 [main] DEBUG nextflow.config.ConfigBuilder - Available config profiles: [debug, test, conda, crg, singularity, docker]
May-09 12:33:49.866 [main] DEBUG nextflow.Session - Session uuid: 831b0eb9-4f33-4157-8e89-f26a670104b2
May-09 12:33:49.866 [main] DEBUG nextflow.Session - Run name: peaceful_euclid
May-09 12:33:49.867 [main] DEBUG nextflow.Session - Executor pool size: 4
May-09 12:33:55.129 [main] DEBUG nextflow.cli.CmdRun - 
  Version: 20.01.0 build 5264
  Created: 12-02-2020 10:14 UTC (11:14 CEST)
  System: Mac OS X 10.15.3
  Runtime: Groovy 2.5.8 on Java HotSpot(TM) 64-Bit Server VM 11.0.6+8-LTS
  Encoding: UTF-8 (UTF-8)
  Process: 87251@Edgars-MacBook-Air.local [192.168.1.102]
  CPUs: 4 - Mem: 8 GB (23.6 MB) - Swap: 2 GB (887.8 MB)
May-09 12:33:55.198 [main] DEBUG nextflow.Session - Work-dir: /Users/edgargarriga/CBCRG/dynamicAligners/work [Mac OS X]
May-09 12:33:55.416 [main] DEBUG nextflow.Session - Observer factory: TowerFactory
May-09 12:33:55.504 [main] DEBUG nextflow.Session - Observer factory: DefaultObserverFactory
May-09 12:33:56.485 [main] DEBUG nextflow.Session - Session start invoked
May-09 12:33:56.510 [main] DEBUG io.seqera.tower.plugin.TowerClient - Creating Tower observer -- endpoint=https://api.tower.nf; requestInterval=1s; aliveInterval=1m; maxRetries=5; backOffBase=3; backOffDelay=250
May-09 12:33:58.310 [main] DEBUG nextflow.trace.TraceFileObserver - Flow starting -- trace file: /Users/edgargarriga/CBCRG/dynamicAligners/results/pipeline_info/execution_trace.txt
May-09 12:34:00.104 [main] DEBUG nextflow.script.ScriptRunner - > Launching execution
May-09 12:34:00.121 [main] DEBUG nextflow.Session - Workflow process names [dsl1]: evaluation, dynamic_msa, generate_trees
May-09 12:34:00.146 [main] INFO  nextflow.Nextflow - F  A  M  S  A    P  i  p  e  l  i  n  e  ~  version 0.1"
======================================="
Input sequences (FASTA)                        : https://raw.githubusercontent.com/edgano/datasets-test/homfam/seatoxin.fa
Input references (Aligned FASTA)               : https://raw.githubusercontent.com/edgano/datasets-test/homfam/seatoxin.ref
Input trees (NEWICK)                           : 
Alignment methods                              : dynamic
Tree methods                                   : codnd,parttreednd0,famsaSL
Generate progressive alignments                : false
Generate regressive alignments (DPA)           : true
Bucket Sizes for regressive alignments         : 1000
Perform evaluation? Requires reference         : true
Output directory (DIRECTORY)                   : ./results

May-09 12:34:00.760 [main] DEBUG nextflow.executor.ExecutorFactory - << taskConfig executor: null
May-09 12:34:00.760 [main] DEBUG nextflow.executor.ExecutorFactory - >> processorType: 'local'
May-09 12:34:00.776 [main] DEBUG nextflow.executor.Executor - [warm up] executor > local
May-09 12:34:00.805 [main] DEBUG n.processor.LocalPollingMonitor - Creating local task monitor for executor 'local' > cpus=4; memory=8 GB; capacity=4; pollInterval=100ms; dumpInterval=5m
May-09 12:34:00.955 [main] DEBUG nextflow.processor.TaskProcessor - Creating *combiner* operator for each param(s) at index(es): [1]
May-09 12:34:00.992 [main] DEBUG nextflow.processor.TaskProcessor - Creating operator > generate_trees -- maxForks: 4; blocking: false
May-09 12:34:01.107 [main] DEBUG nextflow.executor.ExecutorFactory - << taskConfig executor: null
May-09 12:34:01.107 [main] DEBUG nextflow.executor.ExecutorFactory - >> processorType: 'local'
May-09 12:34:01.113 [main] DEBUG nextflow.processor.TaskProcessor - Creating *combiner* operator for each param(s) at index(es): [2, 3]
May-09 12:34:01.115 [main] DEBUG nextflow.processor.TaskProcessor - Creating operator > dynamic_msa -- maxForks: 4; blocking: false
May-09 12:34:01.183 [main] DEBUG nextflow.executor.ExecutorFactory - << taskConfig executor: null
May-09 12:34:01.184 [main] DEBUG nextflow.executor.ExecutorFactory - >> processorType: 'local'
May-09 12:34:01.190 [main] DEBUG nextflow.processor.TaskProcessor - Creating operator > evaluation -- maxForks: 4; blocking: false
May-09 12:34:01.627 [main] INFO  io.seqera.tower.plugin.TowerClient - Monitor the execution with Nextflow Tower using this url https://tower.nf/watch/0rvk1pQw
May-09 12:34:01.638 [main] DEBUG nextflow.script.ScriptRunner - > Await termination 
May-09 12:34:01.639 [main] DEBUG nextflow.Session - Session await
May-09 12:34:01.729 [Actor Thread 3] DEBUG n.util.BlockingThreadExecutorFactory - Thread pool name=FileTransfer; maxThreads=12; maxQueueSize=36; keepAlive=1m
May-09 12:34:01.742 [FileTransfer-thread-1] DEBUG nextflow.file.FilePorter - Copying foreign file https://raw.githubusercontent.com/edgano/datasets-test/homfam/seatoxin.fa to work dir: /Users/edgargarriga/CBCRG/dynamicAligners/work/stage/de/e8108e0397226a020c7878ccf7f780/seatoxin.fa
May-09 12:34:02.221 [Task submitter] DEBUG nextflow.executor.LocalTaskHandler - Launch cmd line: /bin/bash -ue .command.run
May-09 12:34:02.230 [Task submitter] INFO  nextflow.Session - [b2/0b1fdf] Submitted process > generate_trees (seatoxin.parttreednd0)
May-09 12:34:07.374 [Task monitor] DEBUG n.processor.TaskPollingMonitor - Task completed > TaskHandler[id: 3; name: generate_trees (seatoxin.parttreednd0); status: COMPLETED; exit: 0; error: -; workDir: /Users/edgargarriga/CBCRG/dynamicAligners/work/b2/0b1fdf7b0a907545e75e47267f2592]
May-09 12:34:07.393 [Task submitter] DEBUG nextflow.executor.LocalTaskHandler - Launch cmd line: /bin/bash -ue .command.run
May-09 12:34:07.394 [Task submitter] INFO  nextflow.Session - [90/0e71c8] Submitted process > generate_trees (seatoxin.famsaSL)
May-09 12:34:07.641 [FileTransfer-thread-3] DEBUG nextflow.file.FilePorter - Local cache found for foreign file https://raw.githubusercontent.com/edgano/datasets-test/homfam/seatoxin.fa at /Users/edgargarriga/CBCRG/dynamicAligners/work/stage/de/e8108e0397226a020c7878ccf7f780/seatoxin.fa
May-09 12:34:10.855 [Task monitor] DEBUG n.processor.TaskPollingMonitor - Task completed > TaskHandler[id: 2; name: generate_trees (seatoxin.famsaSL); status: COMPLETED; exit: 0; error: -; workDir: /Users/edgargarriga/CBCRG/dynamicAligners/work/90/0e71c851c6f9918a663cedb0d5e4ef]
May-09 12:34:10.871 [Task submitter] DEBUG nextflow.executor.LocalTaskHandler - Launch cmd line: /bin/bash -ue .command.run
May-09 12:34:10.873 [Task submitter] INFO  nextflow.Session - [ea/22553e] Submitted process > generate_trees (seatoxin.codnd)
May-09 12:34:11.063 [FileTransfer-thread-5] DEBUG nextflow.file.FilePorter - Local cache found for foreign file https://raw.githubusercontent.com/edgano/datasets-test/homfam/seatoxin.fa at /Users/edgargarriga/CBCRG/dynamicAligners/work/stage/de/e8108e0397226a020c7878ccf7f780/seatoxin.fa
May-09 12:34:13.899 [Task monitor] DEBUG n.processor.TaskPollingMonitor - Task completed > TaskHandler[id: 1; name: generate_trees (seatoxin.codnd); status: COMPLETED; exit: 0; error: -; workDir: /Users/edgargarriga/CBCRG/dynamicAligners/work/ea/22553e5c00509bb6d20661f50db775]
May-09 12:34:13.921 [Task submitter] DEBUG nextflow.executor.LocalTaskHandler - Launch cmd line: /bin/bash -ue .command.run
May-09 12:34:13.921 [Task submitter] INFO  nextflow.Session - [45/490bee] Submitted process > dynamic_msa (seatoxin-dynamic-1000-10000-parttreednd0)
May-09 12:34:14.062 [FileTransfer-thread-7] DEBUG nextflow.file.FilePorter - Local cache found for foreign file https://raw.githubusercontent.com/edgano/datasets-test/homfam/seatoxin.fa at /Users/edgargarriga/CBCRG/dynamicAligners/work/stage/de/e8108e0397226a020c7878ccf7f780/seatoxin.fa
May-09 12:34:18.099 [Task monitor] DEBUG n.processor.TaskPollingMonitor - Task completed > TaskHandler[id: 4; name: dynamic_msa (seatoxin-dynamic-1000-10000-parttreednd0); status: COMPLETED; exit: 0; error: -; workDir: /Users/edgargarriga/CBCRG/dynamicAligners/work/45/490beedc82a6771a320d1292b109b0]
May-09 12:34:18.117 [Task submitter] DEBUG nextflow.executor.LocalTaskHandler - Launch cmd line: /bin/bash -ue .command.run
May-09 12:34:18.119 [Task submitter] INFO  nextflow.Session - [f7/241d5a] Submitted process > dynamic_msa (seatoxin-dynamic-1000-10000-famsaSL)
May-09 12:34:18.475 [FileTransfer-thread-9] DEBUG nextflow.file.FilePorter - Copying foreign file https://raw.githubusercontent.com/edgano/datasets-test/homfam/seatoxin.ref to work dir: /Users/edgargarriga/CBCRG/dynamicAligners/work/stage/81/b19a65433db9d66a138c72b9acf16a/seatoxin.ref
May-09 12:34:21.917 [Task monitor] DEBUG n.processor.TaskPollingMonitor - Task completed > TaskHandler[id: 5; name: dynamic_msa (seatoxin-dynamic-1000-10000-famsaSL); status: COMPLETED; exit: 0; error: -; workDir: /Users/edgargarriga/CBCRG/dynamicAligners/work/f7/241d5a9d068f52595c629b9071c0c2]
May-09 12:34:21.934 [Task submitter] DEBUG nextflow.executor.LocalTaskHandler - Launch cmd line: /bin/bash -ue .command.run
May-09 12:34:21.935 [Task submitter] INFO  nextflow.Session - [1e/7a7d2a] Submitted process > dynamic_msa (seatoxin-dynamic-1000-10000-codnd)
May-09 12:34:22.053 [FileTransfer-thread-11] DEBUG nextflow.file.FilePorter - Local cache found for foreign file https://raw.githubusercontent.com/edgano/datasets-test/homfam/seatoxin.ref at /Users/edgargarriga/CBCRG/dynamicAligners/work/stage/81/b19a65433db9d66a138c72b9acf16a/seatoxin.ref
May-09 12:34:25.781 [Task monitor] DEBUG n.processor.TaskPollingMonitor - Task completed > TaskHandler[id: 6; name: dynamic_msa (seatoxin-dynamic-1000-10000-codnd); status: COMPLETED; exit: 0; error: -; workDir: /Users/edgargarriga/CBCRG/dynamicAligners/work/1e/7a7d2a408612e234ed736e64e1b995]
May-09 12:34:25.791 [Task submitter] DEBUG nextflow.executor.LocalTaskHandler - Launch cmd line: /bin/bash -ue .command.run
May-09 12:34:25.792 [Task submitter] INFO  nextflow.Session - [f4/c664f0] Submitted process > evaluation (seatoxin.dynamic.parttreednd0.reg_align.1000)
May-09 12:34:25.942 [FileTransfer-thread-1] DEBUG nextflow.file.FilePorter - Local cache found for foreign file https://raw.githubusercontent.com/edgano/datasets-test/homfam/seatoxin.ref at /Users/edgargarriga/CBCRG/dynamicAligners/work/stage/81/b19a65433db9d66a138c72b9acf16a/seatoxin.ref
May-09 12:34:29.775 [Task monitor] DEBUG n.processor.TaskPollingMonitor - Task completed > TaskHandler[id: 7; name: evaluation (seatoxin.dynamic.parttreednd0.reg_align.1000); status: COMPLETED; exit: 0; error: -; workDir: /Users/edgargarriga/CBCRG/dynamicAligners/work/f4/c664f08c6cd1111debba5244000625]
May-09 12:34:29.787 [Task submitter] DEBUG nextflow.executor.LocalTaskHandler - Launch cmd line: /bin/bash -ue .command.run
May-09 12:34:29.788 [Task submitter] INFO  nextflow.Session - [53/e65cd4] Submitted process > evaluation (seatoxin.dynamic.famsaSL.reg_align.1000)
May-09 12:34:33.325 [Task monitor] DEBUG n.processor.TaskPollingMonitor - Task completed > TaskHandler[id: 8; name: evaluation (seatoxin.dynamic.famsaSL.reg_align.1000); status: COMPLETED; exit: 0; error: -; workDir: /Users/edgargarriga/CBCRG/dynamicAligners/work/53/e65cd4f8f1ae4f4b419478a91cc09a]
May-09 12:34:33.334 [Task submitter] DEBUG nextflow.executor.LocalTaskHandler - Launch cmd line: /bin/bash -ue .command.run
May-09 12:34:33.334 [Task submitter] INFO  nextflow.Session - [95/12456c] Submitted process > evaluation (seatoxin.dynamic.codnd.reg_align.1000)
May-09 12:34:36.909 [Task monitor] DEBUG n.processor.TaskPollingMonitor - Task completed > TaskHandler[id: 9; name: evaluation (seatoxin.dynamic.codnd.reg_align.1000); status: COMPLETED; exit: 0; error: -; workDir: /Users/edgargarriga/CBCRG/dynamicAligners/work/95/12456c7cdda41a57018d623ccc485f]
May-09 12:34:36.923 [main] DEBUG nextflow.Session - Session await > all process finished
May-09 12:34:36.928 [main] DEBUG nextflow.Session - Session await > all barriers passed
May-09 12:34:36.969 [main] DEBUG nextflow.trace.WorkflowStatsObserver - Workflow completed > WorkflowStats[succeededCount=9; failedCount=0; ignoredCount=0; cachedCount=0; pendingCount=0; submittedCount=0; runningCount=0; retriesCount=0; abortedCount=0; succeedDuration=25.5s; failedDuration=0ms; cachedDuration=0ms;loadCpus=0; loadMemory=0; peakRunning=1; peakCpus=2; peakMemory=6 GB; ]
May-09 12:34:37.311 [main] DEBUG nextflow.trace.TraceFileObserver - Flow completing -- flushing trace file
May-09 12:34:37.317 [main] DEBUG nextflow.trace.ReportObserver - Flow completing -- rendering html report
May-09 12:34:37.338 [main] DEBUG nextflow.trace.ReportObserver - Execution report summary data:
  [{"cpuUsage":{"mean":38,"min":24,"q1":27.63,"q2":31.25,"q3":45,"max":58.75,"minLabel":"generate_trees (seatoxin.famsaSL)","maxLabel":"generate_trees (seatoxin.codnd)","q1Label":"generate_trees (seatoxin.famsaSL)","q2Label":"generate_trees (seatoxin.parttreednd0)","q3Label":"generate_trees (seatoxin.parttreednd0)"},"process":"generate_trees","mem":{"mean":6006101.33,"min":2813952,"q1":5154816,"q2":7495680,"q3":7602176,"max":7708672,"minLabel":"generate_trees (seatoxin.famsaSL)","maxLabel":"generate_trees (seatoxin.parttreednd0)","q1Label":"generate_trees (seatoxin.famsaSL)","q2Label":"generate_trees (seatoxin.codnd)","q3Label":"generate_trees (seatoxin.codnd)"},"memUsage":{"mean":0.09,"min":0.04,"q1":0.08,"q2":0.12,"q3":0.12,"max":0.12,"minLabel":"generate_trees (seatoxin.famsaSL)","maxLabel":"generate_trees (seatoxin.parttreednd0)","q1Label":"generate_trees (seatoxin.famsaSL)","q2Label":"generate_trees (seatoxin.codnd)","q3Label":"generate_trees (seatoxin.codnd)"},"timeUsage":{"mean":0.01,"min":0,"q1":0,"q2":0,"q3":0.01,"max":0.01,"minLabel":"generate_trees (seatoxin.famsaSL)","maxLabel":"generate_trees (seatoxin.parttreednd0)","q1Label":"generate_trees (seatoxin.famsaSL)","q2Label":"generate_trees (seatoxin.codnd)","q3Label":"generate_trees (seatoxin.codnd)"},"vmem":{"mean":82143914.67,"min":20541440,"q1":31375360,"q2":42209280,"q3":112945152,"max":183681024,"minLabel":"generate_trees (seatoxin.famsaSL)","maxLabel":"generate_trees (seatoxin.codnd)","q1Label":"generate_trees (seatoxin.famsaSL)","q2Label":"generate_trees (seatoxin.parttreednd0)","q3Label":"generate_trees (seatoxin.parttreednd0)"},"reads":{"mean":281832,"min":48790,"q1":51678.5,"q2":54567,"q3":398353,"max":742139,"minLabel":"generate_trees (seatoxin.famsaSL)","maxLabel":"generate_trees (seatoxin.parttreednd0)","q1Label":"generate_trees (seatoxin.famsaSL)","q2Label":"generate_trees (seatoxin.codnd)","q3Label":"generate_trees (seatoxin.codnd)"},"cpu":{"mean":76,"min":48,"q1":55.25,"q2":62.5,"q3":90,"max":117.5,"minLabel":"generate_trees (seatoxin.famsaSL)","maxLabel":"generate_trees (seatoxin.codnd)","q1Label":"generate_trees (seatoxin.famsaSL)","q2Label":"generate_trees (seatoxin.parttreednd0)","q3Label":"generate_trees (seatoxin.parttreednd0)"},"time":{"mean":936.67,"min":110,"q1":328,"q2":546,"q3":1350,"max":2154,"minLabel":"generate_trees (seatoxin.famsaSL)","maxLabel":"generate_trees (seatoxin.parttreednd0)","q1Label":"generate_trees (seatoxin.famsaSL)","q2Label":"generate_trees (seatoxin.codnd)","q3Label":"generate_trees (seatoxin.codnd)"},"writes":{"mean":20917.67,"min":2813,"q1":6710,"q2":10607,"q3":29970,"max":49333,"minLabel":"generate_trees (seatoxin.famsaSL)","maxLabel":"generate_trees (seatoxin.parttreednd0)","q1Label":"generate_trees (seatoxin.famsaSL)","q2Label":"generate_trees (seatoxin.codnd)","q3Label":"generate_trees (seatoxin.codnd)"}},{"cpuUsage":{"mean":38.5,"min":34.85,"q1":37.05,"q2":39.25,"q3":40.33,"max":41.4,"minLabel":"dynamic_msa (seatoxin-dynamic-1000-10000-parttreednd0)","maxLabel":"dynamic_msa (seatoxin-dynamic-1000-10000-codnd)","q1Label":"dynamic_msa (seatoxin-dynamic-1000-10000-parttreednd0)","q2Label":"dynamic_msa (seatoxin-dynamic-1000-10000-famsaSL)","q3Label":"dynamic_msa (seatoxin-dynamic-1000-10000-famsaSL)"},"process":"dynamic_msa","mem":{"mean":23097344,"min":12144640,"q1":13303808,"q2":14462976,"q3":28573696,"max":42684416,"minLabel":"dynamic_msa (seatoxin-dynamic-1000-10000-codnd)","maxLabel":"dynamic_msa (seatoxin-dynamic-1000-10000-parttreednd0)","q1Label":"dynamic_msa (seatoxin-dynamic-1000-10000-codnd)","q2Label":"dynamic_msa (seatoxin-dynamic-1000-10000-famsaSL)","q3Label":"dynamic_msa (seatoxin-dynamic-1000-10000-famsaSL)"},"memUsage":{"mean":0.36,"min":0.19,"q1":0.21,"q2":0.22,"q3":0.44,"max":0.66,"minLabel":"dynamic_msa (seatoxin-dynamic-1000-10000-codnd)","maxLabel":"dynamic_msa (seatoxin-dynamic-1000-10000-parttreednd0)","q1Label":"dynamic_msa (seatoxin-dynamic-1000-10000-codnd)","q2Label":"dynamic_msa (seatoxin-dynamic-1000-10000-famsaSL)","q3Label":"dynamic_msa (seatoxin-dynamic-1000-10000-famsaSL)"},"timeUsage":{"mean":0.01,"min":0.01,"q1":0.01,"q2":0.01,"q3":0.01,"max":0.02,"minLabel":"dynamic_msa (seatoxin-dynamic-1000-10000-codnd)","maxLabel":"dynamic_msa (seatoxin-dynamic-1000-10000-parttreednd0)","q1Label":"dynamic_msa (seatoxin-dynamic-1000-10000-codnd)","q2Label":"dynamic_msa (seatoxin-dynamic-1000-10000-famsaSL)","q3Label":"dynamic_msa (seatoxin-dynamic-1000-10000-famsaSL)"},"vmem":{"mean":53179733.33,"min":42315776,"q1":43515904,"q2":44716032,"q3":58611712,"max":72507392,"minLabel":"dynamic_msa (seatoxin-dynamic-1000-10000-codnd)","maxLabel":"dynamic_msa (seatoxin-dynamic-1000-10000-parttreednd0)","q1Label":"dynamic_msa (seatoxin-dynamic-1000-10000-codnd)","q2Label":"dynamic_msa (seatoxin-dynamic-1000-10000-famsaSL)","q3Label":"dynamic_msa (seatoxin-dynamic-1000-10000-famsaSL)"},"reads":{"mean":610463.67,"min":610430,"q1":610441,"q2":610452,"q3":610480.5,"max":610509,"minLabel":"dynamic_msa (seatoxin-dynamic-1000-10000-codnd)","maxLabel":"dynamic_msa (seatoxin-dynamic-1000-10000-parttreednd0)","q1Label":"dynamic_msa (seatoxin-dynamic-1000-10000-codnd)","q2Label":"dynamic_msa (seatoxin-dynamic-1000-10000-famsaSL)","q3Label":"dynamic_msa (seatoxin-dynamic-1000-10000-famsaSL)"},"cpu":{"mean":77,"min":69.7,"q1":74.1,"q2":78.5,"q3":80.65,"max":82.8,"minLabel":"dynamic_msa (seatoxin-dynamic-1000-10000-parttreednd0)","maxLabel":"dynamic_msa (seatoxin-dynamic-1000-10000-codnd)","q1Label":"dynamic_msa (seatoxin-dynamic-1000-10000-parttreednd0)","q2Label":"dynamic_msa (seatoxin-dynamic-1000-10000-famsaSL)","q3Label":"dynamic_msa (seatoxin-dynamic-1000-10000-famsaSL)"},"time":{"mean":1633.67,"min":1278,"q1":1369.5,"q2":1461,"q3":1811.5,"max":2162,"minLabel":"dynamic_msa (seatoxin-dynamic-1000-10000-codnd)","maxLabel":"dynamic_msa (seatoxin-dynamic-1000-10000-parttreednd0)","q1Label":"dynamic_msa (seatoxin-dynamic-1000-10000-codnd)","q2Label":"dynamic_msa (seatoxin-dynamic-1000-10000-famsaSL)","q3Label":"dynamic_msa (seatoxin-dynamic-1000-10000-famsaSL)"},"writes":{"mean":117466.33,"min":117445,"q1":117452,"q2":117459,"q3":117477,"max":117495,"minLabel":"dynamic_msa (seatoxin-dynamic-1000-10000-codnd)","maxLabel":"dynamic_msa (seatoxin-dynamic-1000-10000-parttreednd0)","q1Label":"dynamic_msa (seatoxin-dynamic-1000-10000-codnd)","q2Label":"dynamic_msa (seatoxin-dynamic-1000-10000-famsaSL)","q3Label":"dynamic_msa (seatoxin-dynamic-1000-10000-famsaSL)"}},{"cpuUsage":{"mean":32.55,"min":30.75,"q1":31.75,"q2":32.75,"q3":33.45,"max":34.15,"minLabel":"evaluation (seatoxin.dynamic.famsaSL.reg_align.1000)","maxLabel":"evaluation (seatoxin.dynamic.parttreednd0.reg_align.1000)","q1Label":"evaluation (seatoxin.dynamic.famsaSL.reg_align.1000)","q2Label":"evaluation (seatoxin.dynamic.codnd.reg_align.1000)","q3Label":"evaluation (seatoxin.dynamic.codnd.reg_align.1000)"},"process":"evaluation","mem":{"mean":20974250.67,"min":20619264,"q1":20729856,"q2":20840448,"q3":21151744,"max":21463040,"minLabel":"evaluation (seatoxin.dynamic.famsaSL.reg_align.1000)","maxLabel":"evaluation (seatoxin.dynamic.parttreednd0.reg_align.1000)","q1Label":"evaluation (seatoxin.dynamic.famsaSL.reg_align.1000)","q2Label":"evaluation (seatoxin.dynamic.codnd.reg_align.1000)","q3Label":"evaluation (seatoxin.dynamic.codnd.reg_align.1000)"},"memUsage":{"mean":0.33,"min":0.32,"q1":0.32,"q2":0.32,"q3":0.33,"max":0.33,"minLabel":"evaluation (seatoxin.dynamic.famsaSL.reg_align.1000)","maxLabel":"evaluation (seatoxin.dynamic.parttreednd0.reg_align.1000)","q1Label":"evaluation (seatoxin.dynamic.famsaSL.reg_align.1000)","q2Label":"evaluation (seatoxin.dynamic.codnd.reg_align.1000)","q3Label":"evaluation (seatoxin.dynamic.codnd.reg_align.1000)"},"timeUsage":{"mean":0.01,"min":0.01,"q1":0.01,"q2":0.01,"q3":0.01,"max":0.01,"minLabel":"evaluation (seatoxin.dynamic.parttreednd0.reg_align.1000)","maxLabel":"evaluation (seatoxin.dynamic.codnd.reg_align.1000)","q1Label":"evaluation (seatoxin.dynamic.parttreednd0.reg_align.1000)","q2Label":"evaluation (seatoxin.dynamic.famsaSL.reg_align.1000)","q3Label":"evaluation (seatoxin.dynamic.famsaSL.reg_align.1000)"},"vmem":{"mean":75902976,"min":71856128,"q1":74891264,"q2":77926400,"q3":77926400,"max":77926400,"minLabel":"evaluation (seatoxin.dynamic.parttreednd0.reg_align.1000)","maxLabel":"evaluation (seatoxin.dynamic.codnd.reg_align.1000)","q1Label":"evaluation (seatoxin.dynamic.parttreednd0.reg_align.1000)","q2Label":"evaluation (seatoxin.dynamic.famsaSL.reg_align.1000)","q3Label":"evaluation (seatoxin.dynamic.famsaSL.reg_align.1000)"},"reads":{"mean":365351,"min":365315,"q1":365327,"q2":365339,"q3":365369,"max":365399,"minLabel":"evaluation (seatoxin.dynamic.codnd.reg_align.1000)","maxLabel":"evaluation (seatoxin.dynamic.parttreednd0.reg_align.1000)","q1Label":"evaluation (seatoxin.dynamic.codnd.reg_align.1000)","q2Label":"evaluation (seatoxin.dynamic.famsaSL.reg_align.1000)","q3Label":"evaluation (seatoxin.dynamic.famsaSL.reg_align.1000)"},"cpu":{"mean":65.1,"min":61.5,"q1":63.5,"q2":65.5,"q3":66.9,"max":68.3,"minLabel":"evaluation (seatoxin.dynamic.famsaSL.reg_align.1000)","maxLabel":"evaluation (seatoxin.dynamic.parttreednd0.reg_align.1000)","q1Label":"evaluation (seatoxin.dynamic.famsaSL.reg_align.1000)","q2Label":"evaluation (seatoxin.dynamic.codnd.reg_align.1000)","q3Label":"evaluation (seatoxin.dynamic.codnd.reg_align.1000)"},"time":{"mean":1683.67,"min":1601,"q1":1624,"q2":1647,"q3":1725,"max":1803,"minLabel":"evaluation (seatoxin.dynamic.parttreednd0.reg_align.1000)","maxLabel":"evaluation (seatoxin.dynamic.codnd.reg_align.1000)","q1Label":"evaluation (seatoxin.dynamic.parttreednd0.reg_align.1000)","q2Label":"evaluation (seatoxin.dynamic.famsaSL.reg_align.1000)","q3Label":"evaluation (seatoxin.dynamic.famsaSL.reg_align.1000)"},"writes":{"mean":7133,"min":7133,"q1":7133,"q2":7133,"q3":7133,"max":7133,"minLabel":"evaluation (seatoxin.dynamic.parttreednd0.reg_align.1000)","maxLabel":"evaluation (seatoxin.dynamic.codnd.reg_align.1000)","q1Label":"evaluation (seatoxin.dynamic.parttreednd0.reg_align.1000)","q2Label":"evaluation (seatoxin.dynamic.famsaSL.reg_align.1000)","q3Label":"evaluation (seatoxin.dynamic.famsaSL.reg_align.1000)"}}]
May-09 12:34:39.299 [main] DEBUG nextflow.trace.TimelineObserver - Flow completing -- rendering html timeline
May-09 12:34:39.468 [main] DEBUG nextflow.CacheDB - Closing CacheDB done
May-09 12:34:39.501 [main] DEBUG nextflow.Session - AWS S3 uploader shutdown
May-09 12:34:39.556 [main] DEBUG nextflow.script.ScriptRunner - > Execution complete -- Goodbye
